2021-01-22 00:24:10,336 - urllib3.connectionpool - Starting new HTTPS connection (1): adismecher.space:443
2021-01-22 00:24:11,081 - urllib3.connectionpool - https://adismecher.space:443 "GET /test HTTP/1.1" 301 21
2021-01-22 00:24:11,839 - urllib3.connectionpool - https://adismecher.space:443 "GET /test/ HTTP/1.1" 200 None
2021-01-22 00:26:12,249 - urllib3.connectionpool - Starting new HTTPS connection (1): adismecher.space:443
2021-01-22 00:26:12,507 - urllib3.connectionpool - https://adismecher.space:443 "GET /test HTTP/1.1" 301 21
2021-01-22 00:26:12,650 - urllib3.connectionpool - https://adismecher.space:443 "GET /test/ HTTP/1.1" 200 None
2021-01-22 00:28:30,218 - urllib3.connectionpool - Starting new HTTPS connection (1): adismecher.space:443
2021-01-22 00:28:30,447 - urllib3.connectionpool - https://adismecher.space:443 "GET /test HTTP/1.1" 301 21
2021-01-22 00:28:30,511 - urllib3.connectionpool - https://adismecher.space:443 "GET /test/ HTTP/1.1" 200 None
2021-01-22 00:28:55,686 - urllib3.connectionpool - Starting new HTTPS connection (1): adismecher.space:443
2021-01-22 00:28:55,888 - urllib3.connectionpool - https://adismecher.space:443 "GET /test HTTP/1.1" 301 21
2021-01-22 00:28:55,951 - urllib3.connectionpool - https://adismecher.space:443 "GET /test/ HTTP/1.1" 200 None
2021-01-22 00:29:25,994 - urllib3.connectionpool - Starting new HTTPS connection (1): adismecher.space:443
2021-01-22 00:29:26,200 - urllib3.connectionpool - https://adismecher.space:443 "GET /test HTTP/1.1" 301 21
2021-01-22 00:29:26,348 - urllib3.connectionpool - https://adismecher.space:443 "GET /test/ HTTP/1.1" 200 None
2021-01-22 00:33:03,012 - urllib3.connectionpool - Starting new HTTPS connection (1): adismecher.space:443
2021-01-22 00:33:03,518 - urllib3.connectionpool - https://adismecher.space:443 "GET /test HTTP/1.1" 301 21
2021-01-22 00:33:03,597 - urllib3.connectionpool - https://adismecher.space:443 "GET /test/ HTTP/1.1" 200 None
2021-01-22 13:03:33,491 - urllib3.connectionpool - Starting new HTTPS connection (1): adismecher.space:443
2021-01-22 13:03:34,048 - urllib3.connectionpool - https://adismecher.space:443 "GET /test HTTP/1.1" 301 21
2021-01-22 13:03:34,714 - urllib3.connectionpool - https://adismecher.space:443 "GET /test/ HTTP/1.1" 200 None
2021-01-22 13:04:37,726 - urllib3.connectionpool - Starting new HTTPS connection (1): adismecher.space:443
2021-01-22 13:04:37,930 - urllib3.connectionpool - https://adismecher.space:443 "GET /test HTTP/1.1" 301 21
2021-01-22 13:04:38,089 - urllib3.connectionpool - https://adismecher.space:443 "GET /test/ HTTP/1.1" 200 None
2021-01-22 13:04:57,500 - urllib3.connectionpool - Starting new HTTPS connection (1): adismecher.space:443
2021-01-22 13:04:57,714 - urllib3.connectionpool - https://adismecher.space:443 "GET /test HTTP/1.1" 301 21
2021-01-22 13:04:57,876 - urllib3.connectionpool - https://adismecher.space:443 "GET /test/ HTTP/1.1" 200 None
2021-01-22 13:05:35,936 - urllib3.connectionpool - Starting new HTTPS connection (1): adismecher.space:443
2021-01-22 13:05:36,161 - urllib3.connectionpool - https://adismecher.space:443 "GET /test HTTP/1.1" 301 21
2021-01-22 13:05:36,314 - urllib3.connectionpool - https://adismecher.space:443 "GET /test/ HTTP/1.1" 200 None
2021-01-22 13:05:51,089 - urllib3.connectionpool - Starting new HTTPS connection (1): adismecher.space:443
2021-01-22 13:05:51,286 - urllib3.connectionpool - https://adismecher.space:443 "GET /test HTTP/1.1" 301 21
2021-01-22 13:05:51,434 - urllib3.connectionpool - https://adismecher.space:443 "GET /test/ HTTP/1.1" 200 None
2021-01-22 13:06:14,785 - urllib3.connectionpool - Starting new HTTPS connection (1): adismecher.space:443
2021-01-22 13:06:14,925 - urllib3.connectionpool - https://adismecher.space:443 "GET /test HTTP/1.1" 301 21
2021-01-22 13:06:15,100 - urllib3.connectionpool - https://adismecher.space:443 "GET /test/ HTTP/1.1" 200 None
2021-01-22 13:07:11,911 - urllib3.connectionpool - Starting new HTTPS connection (1): adismecher.space:443
2021-01-22 13:07:12,072 - urllib3.connectionpool - https://adismecher.space:443 "GET /test HTTP/1.1" 301 21
2021-01-22 13:07:12,237 - urllib3.connectionpool - https://adismecher.space:443 "GET /test/ HTTP/1.1" 200 None
2021-01-22 13:08:14,443 - urllib3.connectionpool - Starting new HTTPS connection (1): sneakerindustry.ro:443
2021-01-22 13:08:15,132 - urllib3.connectionpool - https://sneakerindustry.ro:443 "GET /ro/13-sneakers-barbati HTTP/1.1" 200 None
2021-01-22 13:11:40,707 - urllib3.connectionpool - Starting new HTTPS connection (1): sneakerindustry.ro:443
2021-01-22 13:11:41,367 - urllib3.connectionpool - https://sneakerindustry.ro:443 "GET /ro/13-sneakers-barbati HTTP/1.1" 200 None
2021-01-22 13:12:17,645 - urllib3.connectionpool - Starting new HTTPS connection (1): sneakerindustry.ro:443
2021-01-22 13:12:18,276 - urllib3.connectionpool - https://sneakerindustry.ro:443 "GET /ro/13-sneakers-barbati HTTP/1.1" 200 None
2021-01-22 13:13:02,161 - urllib3.connectionpool - Starting new HTTPS connection (1): sneakerindustry.ro:443
2021-01-22 13:13:02,896 - urllib3.connectionpool - https://sneakerindustry.ro:443 "GET /ro/13-sneakers-barbati HTTP/1.1" 200 None
2021-01-22 13:13:17,808 - urllib3.connectionpool - Starting new HTTPS connection (1): sneakerindustry.ro:443
2021-01-22 13:13:18,460 - urllib3.connectionpool - https://sneakerindustry.ro:443 "GET /ro/13-sneakers-barbati HTTP/1.1" 200 None
2021-01-22 13:14:11,696 - urllib3.connectionpool - Starting new HTTPS connection (1): sneakerindustry.ro:443
2021-01-22 13:14:12,387 - urllib3.connectionpool - https://sneakerindustry.ro:443 "GET /ro/13-sneakers-barbati HTTP/1.1" 200 None
2021-01-22 13:15:17,719 - urllib3.connectionpool - Starting new HTTPS connection (1): sneakerindustry.ro:443
2021-01-22 13:15:18,450 - urllib3.connectionpool - https://sneakerindustry.ro:443 "GET /ro/13-sneakers-barbati HTTP/1.1" 200 None
2021-01-22 13:15:37,775 - urllib3.connectionpool - Starting new HTTPS connection (1): sneakerindustry.ro:443
2021-01-22 13:15:38,517 - urllib3.connectionpool - https://sneakerindustry.ro:443 "GET /ro/13-sneakers-barbati HTTP/1.1" 200 None
2021-01-22 13:16:09,433 - urllib3.connectionpool - Starting new HTTPS connection (1): sneakerindustry.ro:443
2021-01-22 13:16:10,185 - urllib3.connectionpool - https://sneakerindustry.ro:443 "GET /ro/13-sneakers-barbati HTTP/1.1" 200 None
2021-01-22 13:16:22,420 - urllib3.connectionpool - Starting new HTTPS connection (1): sneakerindustry.ro:443
2021-01-22 13:16:23,373 - urllib3.connectionpool - https://sneakerindustry.ro:443 "GET /ro/13-sneakers-barbati HTTP/1.1" 200 None
2021-01-22 13:23:51,077 - urllib3.connectionpool - Starting new HTTPS connection (1): sneakerindustry.ro:443
2021-01-22 13:23:51,926 - urllib3.connectionpool - https://sneakerindustry.ro:443 "GET /ro/13-sneakers-barbati HTTP/1.1" 200 None
2021-01-22 13:24:07,711 - urllib3.connectionpool - Starting new HTTPS connection (1): sneakerindustry.ro:443
2021-01-22 13:24:08,470 - urllib3.connectionpool - https://sneakerindustry.ro:443 "GET /ro/13-sneakers-barbati HTTP/1.1" 200 None
2021-01-22 13:25:30,886 - urllib3.connectionpool - Starting new HTTPS connection (1): sneakerindustry.ro:443
2021-01-22 13:25:31,651 - urllib3.connectionpool - https://sneakerindustry.ro:443 "GET /ro/13-sneakers-barbati HTTP/1.1" 200 None
2021-01-22 13:25:46,526 - urllib3.connectionpool - Starting new HTTPS connection (1): sneakerindustry.ro:443
2021-01-22 13:25:47,261 - urllib3.connectionpool - https://sneakerindustry.ro:443 "GET /ro/13-sneakers-barbati HTTP/1.1" 200 None
2021-01-22 13:25:47,381 - urllib3.connectionpool - Starting new HTTPS connection (1): sneakerindustry.ro:443
2021-01-22 13:25:48,305 - urllib3.connectionpool - https://sneakerindustry.ro:443 "GET /ro/13-sneakers-barbati HTTP/1.1" 200 None
2021-01-22 13:26:18,439 - urllib3.connectionpool - Starting new HTTPS connection (1): sneakerindustry.ro:443
2021-01-22 13:26:19,054 - urllib3.connectionpool - https://sneakerindustry.ro:443 "GET /ro/13-sneakers-barbati HTTP/1.1" 200 None
2021-01-22 13:26:49,186 - urllib3.connectionpool - Starting new HTTPS connection (1): sneakerindustry.ro:443
2021-01-22 13:26:49,886 - urllib3.connectionpool - https://sneakerindustry.ro:443 "GET /ro/13-sneakers-barbati HTTP/1.1" 200 None
2021-01-22 13:27:20,033 - urllib3.connectionpool - Starting new HTTPS connection (1): sneakerindustry.ro:443
2021-01-22 13:27:20,701 - urllib3.connectionpool - https://sneakerindustry.ro:443 "GET /ro/13-sneakers-barbati HTTP/1.1" 200 None
2021-01-22 13:27:50,823 - urllib3.connectionpool - Starting new HTTPS connection (1): sneakerindustry.ro:443
2021-01-22 13:27:51,413 - urllib3.connectionpool - https://sneakerindustry.ro:443 "GET /ro/13-sneakers-barbati HTTP/1.1" 200 None
2021-01-22 13:28:03,524 - urllib3.connectionpool - Starting new HTTPS connection (1): sneakerindustry.ro:443
2021-01-22 13:28:04,238 - urllib3.connectionpool - https://sneakerindustry.ro:443 "GET /ro/13-sneakers-barbati HTTP/1.1" 200 None
2021-01-22 13:42:39,672 - urllib3.connectionpool - Starting new HTTPS connection (1): sneakerindustry.ro:443
2021-01-22 13:42:40,389 - urllib3.connectionpool - https://sneakerindustry.ro:443 "GET /ro/13-sneakers-barbati HTTP/1.1" 200 None
