2021-01-20 16:37:54,407 - root - Successfully started monitor
2021-01-20 16:37:54,411 - urllib3.connectionpool - Starting new HTTPS connection (1): discord.com:443
2021-01-20 16:37:54,896 - urllib3.connectionpool - https://discord.com:443 "POST /api/webhooks/801433047530078249/bXvUhsFp2w6bMNrX1DHALUUtgB7VJ4lLCIH5ORK5lapzZ4D5c-JqWchDtj_t7JCuz1h7 HTTP/1.1" 204 0
2021-01-20 16:37:54,901 - root - Payload delivered successfully, code 204.
2021-01-20 16:37:54,904 - urllib3.connectionpool - Starting new HTTPS connection (1): www.supremenewyork.com:443
2021-01-20 16:37:55,530 - urllib3.connectionpool - https://www.supremenewyork.com:443 "GET /mobile_stock.json HTTP/1.1" 200 1741
2021-01-20 16:38:00,550 - urllib3.connectionpool - Starting new HTTPS connection (1): www.supremenewyork.com:443
2021-01-20 16:38:00,779 - urllib3.connectionpool - https://www.supremenewyork.com:443 "GET /shop/305598.json HTTP/1.1" 200 705
2021-01-20 16:38:01,289 - urllib3.connectionpool - Starting new HTTPS connection (1): www.supremenewyork.com:443
2021-01-20 16:38:01,473 - urllib3.connectionpool - https://www.supremenewyork.com:443 "GET /shop/305531.json HTTP/1.1" 200 823
2021-01-20 16:38:01,982 - urllib3.connectionpool - Starting new HTTPS connection (1): www.supremenewyork.com:443
2021-01-20 16:38:02,197 - urllib3.connectionpool - https://www.supremenewyork.com:443 "GET /shop/305279.json HTTP/1.1" 200 830
2021-01-20 16:38:02,719 - urllib3.connectionpool - Starting new HTTPS connection (1): www.supremenewyork.com:443
2021-01-20 16:38:02,924 - urllib3.connectionpool - https://www.supremenewyork.com:443 "GET /shop/305564.json HTTP/1.1" 200 885
2021-01-20 16:38:03,444 - urllib3.connectionpool - Starting new HTTPS connection (1): www.supremenewyork.com:443
2021-01-20 16:38:03,631 - urllib3.connectionpool - https://www.supremenewyork.com:443 "GET /shop/305322.json HTTP/1.1" 200 625
2021-01-20 16:38:04,141 - urllib3.connectionpool - Starting new HTTPS connection (1): www.supremenewyork.com:443
2021-01-20 16:38:04,347 - urllib3.connectionpool - https://www.supremenewyork.com:443 "GET /shop/305567.json HTTP/1.1" 200 857
2021-01-20 16:38:04,871 - urllib3.connectionpool - Starting new HTTPS connection (1): www.supremenewyork.com:443
2021-01-20 16:38:05,066 - urllib3.connectionpool - https://www.supremenewyork.com:443 "GET /shop/305321.json HTTP/1.1" 200 606
2021-01-20 16:38:05,583 - urllib3.connectionpool - Starting new HTTPS connection (1): www.supremenewyork.com:443
2021-01-20 16:38:05,774 - urllib3.connectionpool - https://www.supremenewyork.com:443 "GET /shop/305243.json HTTP/1.1" 200 567
2021-01-20 16:38:06,281 - urllib3.connectionpool - Starting new HTTPS connection (1): www.supremenewyork.com:443
2021-01-20 16:38:06,462 - urllib3.connectionpool - https://www.supremenewyork.com:443 "GET /shop/305333.json HTTP/1.1" 200 973
2021-01-20 16:38:06,977 - urllib3.connectionpool - Starting new HTTPS connection (1): www.supremenewyork.com:443
2021-01-20 16:38:07,177 - urllib3.connectionpool - https://www.supremenewyork.com:443 "GET /shop/305606.json HTTP/1.1" 200 898
2021-01-20 16:38:07,693 - urllib3.connectionpool - Starting new HTTPS connection (1): www.supremenewyork.com:443
2021-01-20 16:38:07,974 - urllib3.connectionpool - https://www.supremenewyork.com:443 "GET /shop/305445.json HTTP/1.1" 200 704
2021-01-20 16:38:08,501 - urllib3.connectionpool - Starting new HTTPS connection (1): www.supremenewyork.com:443
2021-01-20 16:38:08,685 - urllib3.connectionpool - https://www.supremenewyork.com:443 "GET /shop/305434.json HTTP/1.1" 200 708
2021-01-20 16:38:09,197 - urllib3.connectionpool - Starting new HTTPS connection (1): www.supremenewyork.com:443
2021-01-20 16:38:09,381 - urllib3.connectionpool - https://www.supremenewyork.com:443 "GET /shop/305430.json HTTP/1.1" 200 1103
2021-01-20 16:38:09,888 - urllib3.connectionpool - Starting new HTTPS connection (1): www.supremenewyork.com:443
2021-01-20 16:38:10,065 - urllib3.connectionpool - https://www.supremenewyork.com:443 "GET /shop/305591.json HTTP/1.1" 200 662
2021-01-20 16:38:10,587 - urllib3.connectionpool - Starting new HTTPS connection (1): www.supremenewyork.com:443
2021-01-20 16:38:10,771 - urllib3.connectionpool - https://www.supremenewyork.com:443 "GET /shop/305592.json HTTP/1.1" 200 1318
2021-01-20 16:38:11,283 - urllib3.connectionpool - Starting new HTTPS connection (1): www.supremenewyork.com:443
2021-01-20 16:38:11,473 - urllib3.connectionpool - https://www.supremenewyork.com:443 "GET /shop/305596.json HTTP/1.1" 200 1349
2021-01-20 16:38:11,980 - urllib3.connectionpool - Starting new HTTPS connection (1): www.supremenewyork.com:443
2021-01-20 16:38:12,176 - urllib3.connectionpool - https://www.supremenewyork.com:443 "GET /shop/305601.json HTTP/1.1" 200 938
2021-01-20 16:38:12,690 - urllib3.connectionpool - Starting new HTTPS connection (1): www.supremenewyork.com:443
2021-01-20 16:38:12,888 - urllib3.connectionpool - https://www.supremenewyork.com:443 "GET /shop/305602.json HTTP/1.1" 200 997
2021-01-20 16:38:13,401 - urllib3.connectionpool - Starting new HTTPS connection (1): www.supremenewyork.com:443
2021-01-20 16:38:13,585 - urllib3.connectionpool - https://www.supremenewyork.com:443 "GET /shop/305625.json HTTP/1.1" 200 937
2021-01-20 16:38:14,097 - urllib3.connectionpool - Starting new HTTPS connection (1): www.supremenewyork.com:443
2021-01-20 16:38:14,277 - urllib3.connectionpool - https://www.supremenewyork.com:443 "GET /shop/305612.json HTTP/1.1" 200 746
2021-01-20 16:38:14,791 - urllib3.connectionpool - Starting new HTTPS connection (1): www.supremenewyork.com:443
2021-01-20 16:38:14,973 - urllib3.connectionpool - https://www.supremenewyork.com:443 "GET /shop/305646.json HTTP/1.1" 200 1061
2021-01-20 16:38:15,489 - urllib3.connectionpool - Starting new HTTPS connection (1): www.supremenewyork.com:443
2021-01-20 16:38:15,676 - urllib3.connectionpool - https://www.supremenewyork.com:443 "GET /shop/305333.json HTTP/1.1" 200 973
2021-01-20 16:38:16,201 - urllib3.connectionpool - Starting new HTTPS connection (1): www.supremenewyork.com:443
2021-01-20 16:38:16,387 - urllib3.connectionpool - https://www.supremenewyork.com:443 "GET /shop/305606.json HTTP/1.1" 200 898
2021-01-20 16:38:16,891 - urllib3.connectionpool - Starting new HTTPS connection (1): www.supremenewyork.com:443
2021-01-20 16:38:17,071 - urllib3.connectionpool - https://www.supremenewyork.com:443 "GET /shop/305445.json HTTP/1.1" 200 704
2021-01-20 16:38:17,585 - urllib3.connectionpool - Starting new HTTPS connection (1): www.supremenewyork.com:443
2021-01-20 16:38:17,761 - urllib3.connectionpool - https://www.supremenewyork.com:443 "GET /shop/305434.json HTTP/1.1" 200 708
2021-01-20 16:38:18,271 - urllib3.connectionpool - Starting new HTTPS connection (1): www.supremenewyork.com:443
2021-01-20 16:38:18,458 - urllib3.connectionpool - https://www.supremenewyork.com:443 "GET /shop/305430.json HTTP/1.1" 200 1103
2021-01-20 16:38:18,971 - urllib3.connectionpool - Starting new HTTPS connection (1): www.supremenewyork.com:443
2021-01-20 16:38:19,157 - urllib3.connectionpool - https://www.supremenewyork.com:443 "GET /shop/305602.json HTTP/1.1" 200 997
2021-01-20 16:38:19,677 - urllib3.connectionpool - Starting new HTTPS connection (1): www.supremenewyork.com:443
2021-01-20 16:38:19,860 - urllib3.connectionpool - https://www.supremenewyork.com:443 "GET /shop/305625.json HTTP/1.1" 200 937
2021-01-20 16:38:20,378 - urllib3.connectionpool - Starting new HTTPS connection (1): www.supremenewyork.com:443
2021-01-20 16:38:20,554 - urllib3.connectionpool - https://www.supremenewyork.com:443 "GET /shop/305612.json HTTP/1.1" 200 746
2021-01-20 16:38:21,069 - urllib3.connectionpool - Starting new HTTPS connection (1): www.supremenewyork.com:443
2021-01-20 16:38:21,260 - urllib3.connectionpool - https://www.supremenewyork.com:443 "GET /shop/305646.json HTTP/1.1" 200 1061
2021-01-20 16:38:21,781 - root - Successfully monitored site
2021-01-20 16:38:21,786 - urllib3.connectionpool - Starting new HTTPS connection (1): www.supremenewyork.com:443
2021-01-20 16:38:21,979 - urllib3.connectionpool - https://www.supremenewyork.com:443 "GET /mobile_stock.json HTTP/1.1" 200 1741
2021-01-20 16:38:26,996 - urllib3.connectionpool - Starting new HTTPS connection (1): www.supremenewyork.com:443
2021-01-20 16:38:27,327 - urllib3.connectionpool - https://www.supremenewyork.com:443 "GET /shop/305598.json HTTP/1.1" 200 705
2021-01-20 16:38:27,850 - urllib3.connectionpool - Starting new HTTPS connection (1): www.supremenewyork.com:443
2021-01-20 16:38:28,031 - urllib3.connectionpool - https://www.supremenewyork.com:443 "GET /shop/305531.json HTTP/1.1" 200 823
2021-01-20 16:38:28,547 - urllib3.connectionpool - Starting new HTTPS connection (1): www.supremenewyork.com:443
2021-01-20 16:38:28,725 - urllib3.connectionpool - https://www.supremenewyork.com:443 "GET /shop/305279.json HTTP/1.1" 200 830
2021-01-20 16:38:29,245 - urllib3.connectionpool - Starting new HTTPS connection (1): www.supremenewyork.com:443
2021-01-20 16:38:29,443 - urllib3.connectionpool - https://www.supremenewyork.com:443 "GET /shop/305564.json HTTP/1.1" 200 885
2021-01-20 16:38:29,957 - urllib3.connectionpool - Starting new HTTPS connection (1): www.supremenewyork.com:443
2021-01-20 16:38:30,142 - urllib3.connectionpool - https://www.supremenewyork.com:443 "GET /shop/305322.json HTTP/1.1" 200 625
2021-01-20 16:38:30,653 - urllib3.connectionpool - Starting new HTTPS connection (1): www.supremenewyork.com:443
2021-01-20 16:38:30,839 - urllib3.connectionpool - https://www.supremenewyork.com:443 "GET /shop/305567.json HTTP/1.1" 200 857
2021-01-20 16:38:31,357 - urllib3.connectionpool - Starting new HTTPS connection (1): www.supremenewyork.com:443
2021-01-20 16:38:31,535 - urllib3.connectionpool - https://www.supremenewyork.com:443 "GET /shop/305321.json HTTP/1.1" 200 606
2021-01-20 16:38:32,045 - urllib3.connectionpool - Starting new HTTPS connection (1): www.supremenewyork.com:443
2021-01-20 16:38:32,232 - urllib3.connectionpool - https://www.supremenewyork.com:443 "GET /shop/305243.json HTTP/1.1" 200 567
2021-01-20 16:38:32,741 - urllib3.connectionpool - Starting new HTTPS connection (1): www.supremenewyork.com:443
2021-01-20 16:38:32,931 - urllib3.connectionpool - https://www.supremenewyork.com:443 "GET /shop/305333.json HTTP/1.1" 200 973
2021-01-20 16:38:33,446 - urllib3.connectionpool - Starting new HTTPS connection (1): www.supremenewyork.com:443
2021-01-20 16:38:33,646 - urllib3.connectionpool - https://www.supremenewyork.com:443 "GET /shop/305606.json HTTP/1.1" 200 898
2021-01-20 16:38:34,162 - urllib3.connectionpool - Starting new HTTPS connection (1): www.supremenewyork.com:443
2021-01-20 16:38:34,367 - urllib3.connectionpool - https://www.supremenewyork.com:443 "GET /shop/305445.json HTTP/1.1" 200 704
2021-01-20 16:38:34,885 - urllib3.connectionpool - Starting new HTTPS connection (1): www.supremenewyork.com:443
2021-01-20 16:38:35,055 - urllib3.connectionpool - https://www.supremenewyork.com:443 "GET /shop/305434.json HTTP/1.1" 200 708
2021-01-20 16:38:35,581 - urllib3.connectionpool - Starting new HTTPS connection (1): www.supremenewyork.com:443
2021-01-20 16:38:35,764 - urllib3.connectionpool - https://www.supremenewyork.com:443 "GET /shop/305430.json HTTP/1.1" 200 1103
2021-01-20 16:38:36,284 - urllib3.connectionpool - Starting new HTTPS connection (1): www.supremenewyork.com:443
2021-01-20 16:38:36,465 - urllib3.connectionpool - https://www.supremenewyork.com:443 "GET /shop/305591.json HTTP/1.1" 200 662
2021-01-20 16:38:36,989 - urllib3.connectionpool - Starting new HTTPS connection (1): www.supremenewyork.com:443
2021-01-20 16:38:37,173 - urllib3.connectionpool - https://www.supremenewyork.com:443 "GET /shop/305592.json HTTP/1.1" 200 1318
2021-01-20 16:38:37,696 - urllib3.connectionpool - Starting new HTTPS connection (1): www.supremenewyork.com:443
2021-01-20 16:38:37,869 - urllib3.connectionpool - https://www.supremenewyork.com:443 "GET /shop/305596.json HTTP/1.1" 200 1349
2021-01-20 16:38:38,382 - urllib3.connectionpool - Starting new HTTPS connection (1): www.supremenewyork.com:443
2021-01-20 16:38:38,563 - urllib3.connectionpool - https://www.supremenewyork.com:443 "GET /shop/305601.json HTTP/1.1" 200 938
2021-01-20 16:38:39,074 - urllib3.connectionpool - Starting new HTTPS connection (1): www.supremenewyork.com:443
2021-01-20 16:38:39,251 - urllib3.connectionpool - https://www.supremenewyork.com:443 "GET /shop/305602.json HTTP/1.1" 200 997
2021-01-20 16:38:39,768 - urllib3.connectionpool - Starting new HTTPS connection (1): www.supremenewyork.com:443
2021-01-20 16:38:39,951 - urllib3.connectionpool - https://www.supremenewyork.com:443 "GET /shop/305625.json HTTP/1.1" 200 937
2021-01-20 16:38:40,467 - urllib3.connectionpool - Starting new HTTPS connection (1): www.supremenewyork.com:443
2021-01-20 16:38:40,680 - urllib3.connectionpool - https://www.supremenewyork.com:443 "GET /shop/305612.json HTTP/1.1" 200 746
2021-01-20 16:38:41,188 - urllib3.connectionpool - Starting new HTTPS connection (1): www.supremenewyork.com:443
2021-01-20 16:38:41,370 - urllib3.connectionpool - https://www.supremenewyork.com:443 "GET /shop/305646.json HTTP/1.1" 200 1061
2021-01-20 16:38:41,896 - urllib3.connectionpool - Starting new HTTPS connection (1): www.supremenewyork.com:443
2021-01-20 16:38:42,096 - urllib3.connectionpool - https://www.supremenewyork.com:443 "GET /shop/305333.json HTTP/1.1" 200 973
2021-01-20 16:38:42,615 - urllib3.connectionpool - Starting new HTTPS connection (1): www.supremenewyork.com:443
2021-01-20 16:38:42,797 - urllib3.connectionpool - https://www.supremenewyork.com:443 "GET /shop/305606.json HTTP/1.1" 200 898
2021-01-20 16:38:43,308 - urllib3.connectionpool - Starting new HTTPS connection (1): www.supremenewyork.com:443
2021-01-20 16:38:43,486 - urllib3.connectionpool - https://www.supremenewyork.com:443 "GET /shop/305445.json HTTP/1.1" 200 704
2021-01-20 16:38:44,005 - urllib3.connectionpool - Starting new HTTPS connection (1): www.supremenewyork.com:443
2021-01-20 16:38:44,207 - urllib3.connectionpool - https://www.supremenewyork.com:443 "GET /shop/305434.json HTTP/1.1" 200 708
2021-01-20 16:38:44,722 - urllib3.connectionpool - Starting new HTTPS connection (1): www.supremenewyork.com:443
2021-01-20 16:38:44,911 - urllib3.connectionpool - https://www.supremenewyork.com:443 "GET /shop/305430.json HTTP/1.1" 200 1103
2021-01-20 16:38:45,431 - urllib3.connectionpool - Starting new HTTPS connection (1): www.supremenewyork.com:443
2021-01-20 16:38:45,627 - urllib3.connectionpool - https://www.supremenewyork.com:443 "GET /shop/305602.json HTTP/1.1" 200 997
2021-01-20 16:38:46,147 - urllib3.connectionpool - Starting new HTTPS connection (1): www.supremenewyork.com:443
2021-01-20 16:38:46,332 - urllib3.connectionpool - https://www.supremenewyork.com:443 "GET /shop/305625.json HTTP/1.1" 200 937
2021-01-20 16:38:46,845 - urllib3.connectionpool - Starting new HTTPS connection (1): www.supremenewyork.com:443
2021-01-20 16:38:47,023 - urllib3.connectionpool - https://www.supremenewyork.com:443 "GET /shop/305612.json HTTP/1.1" 200 746
2021-01-20 16:38:47,532 - urllib3.connectionpool - Starting new HTTPS connection (1): www.supremenewyork.com:443
2021-01-20 16:38:47,726 - urllib3.connectionpool - https://www.supremenewyork.com:443 "GET /shop/305646.json HTTP/1.1" 200 1061
2021-01-20 16:38:48,241 - root - Successfully monitored site
2021-01-20 16:38:48,243 - urllib3.connectionpool - Starting new HTTPS connection (1): www.supremenewyork.com:443
2021-01-20 16:38:48,434 - urllib3.connectionpool - https://www.supremenewyork.com:443 "GET /mobile_stock.json HTTP/1.1" 200 1741
2021-01-20 16:38:53,460 - urllib3.connectionpool - Starting new HTTPS connection (1): www.supremenewyork.com:443
2021-01-20 16:38:53,655 - urllib3.connectionpool - https://www.supremenewyork.com:443 "GET /shop/305598.json HTTP/1.1" 200 705
2021-01-20 16:38:54,171 - urllib3.connectionpool - Starting new HTTPS connection (1): www.supremenewyork.com:443
2021-01-20 16:38:54,354 - urllib3.connectionpool - https://www.supremenewyork.com:443 "GET /shop/305531.json HTTP/1.1" 200 823
2021-01-20 16:38:54,867 - urllib3.connectionpool - Starting new HTTPS connection (1): www.supremenewyork.com:443
2021-01-20 16:38:55,055 - urllib3.connectionpool - https://www.supremenewyork.com:443 "GET /shop/305279.json HTTP/1.1" 200 830
2021-01-20 16:38:55,576 - urllib3.connectionpool - Starting new HTTPS connection (1): www.supremenewyork.com:443
2021-01-20 16:38:55,775 - urllib3.connectionpool - https://www.supremenewyork.com:443 "GET /shop/305564.json HTTP/1.1" 200 885
2021-01-20 16:38:56,299 - urllib3.connectionpool - Starting new HTTPS connection (1): www.supremenewyork.com:443
2021-01-20 16:38:56,479 - urllib3.connectionpool - https://www.supremenewyork.com:443 "GET /shop/305322.json HTTP/1.1" 200 625
2021-01-20 16:38:56,993 - urllib3.connectionpool - Starting new HTTPS connection (1): www.supremenewyork.com:443
2021-01-20 16:38:57,312 - urllib3.connectionpool - https://www.supremenewyork.com:443 "GET /shop/305567.json HTTP/1.1" 200 857
2021-01-20 16:38:57,829 - urllib3.connectionpool - Starting new HTTPS connection (1): www.supremenewyork.com:443
2021-01-20 16:38:58,035 - urllib3.connectionpool - https://www.supremenewyork.com:443 "GET /shop/305321.json HTTP/1.1" 200 606
2021-01-20 16:38:58,542 - urllib3.connectionpool - Starting new HTTPS connection (1): www.supremenewyork.com:443
2021-01-20 16:38:58,711 - urllib3.connectionpool - https://www.supremenewyork.com:443 "GET /shop/305243.json HTTP/1.1" 200 567
2021-01-20 16:38:59,221 - urllib3.connectionpool - Starting new HTTPS connection (1): www.supremenewyork.com:443
2021-01-20 16:38:59,406 - urllib3.connectionpool - https://www.supremenewyork.com:443 "GET /shop/305333.json HTTP/1.1" 200 973
2021-01-20 16:38:59,913 - urllib3.connectionpool - Starting new HTTPS connection (1): www.supremenewyork.com:443
2021-01-20 16:39:00,125 - urllib3.connectionpool - https://www.supremenewyork.com:443 "GET /shop/305606.json HTTP/1.1" 200 898
2021-01-20 16:39:00,642 - urllib3.connectionpool - Starting new HTTPS connection (1): www.supremenewyork.com:443
2021-01-20 16:39:00,818 - urllib3.connectionpool - https://www.supremenewyork.com:443 "GET /shop/305445.json HTTP/1.1" 200 704
2021-01-20 16:39:01,334 - urllib3.connectionpool - Starting new HTTPS connection (1): www.supremenewyork.com:443
2021-01-20 16:39:01,503 - urllib3.connectionpool - https://www.supremenewyork.com:443 "GET /shop/305434.json HTTP/1.1" 200 708
2021-01-20 16:39:02,015 - urllib3.connectionpool - Starting new HTTPS connection (1): www.supremenewyork.com:443
2021-01-20 16:39:02,192 - urllib3.connectionpool - https://www.supremenewyork.com:443 "GET /shop/305430.json HTTP/1.1" 200 1103
2021-01-20 16:39:02,697 - urllib3.connectionpool - Starting new HTTPS connection (1): www.supremenewyork.com:443
2021-01-20 16:39:02,871 - urllib3.connectionpool - https://www.supremenewyork.com:443 "GET /shop/305591.json HTTP/1.1" 200 662
2021-01-20 16:39:03,396 - urllib3.connectionpool - Starting new HTTPS connection (1): www.supremenewyork.com:443
2021-01-20 16:39:03,597 - urllib3.connectionpool - https://www.supremenewyork.com:443 "GET /shop/305592.json HTTP/1.1" 200 1318
2021-01-20 16:39:04,120 - urllib3.connectionpool - Starting new HTTPS connection (1): www.supremenewyork.com:443
2021-01-20 16:39:04,299 - urllib3.connectionpool - https://www.supremenewyork.com:443 "GET /shop/305596.json HTTP/1.1" 200 1349
2021-01-20 16:39:04,820 - urllib3.connectionpool - Starting new HTTPS connection (1): www.supremenewyork.com:443
2021-01-20 16:39:05,023 - urllib3.connectionpool - https://www.supremenewyork.com:443 "GET /shop/305601.json HTTP/1.1" 200 938
2021-01-20 16:39:05,546 - urllib3.connectionpool - Starting new HTTPS connection (1): www.supremenewyork.com:443
2021-01-20 16:39:05,733 - urllib3.connectionpool - https://www.supremenewyork.com:443 "GET /shop/305602.json HTTP/1.1" 200 997
2021-01-20 16:39:06,254 - urllib3.connectionpool - Starting new HTTPS connection (1): www.supremenewyork.com:443
2021-01-20 16:39:06,431 - urllib3.connectionpool - https://www.supremenewyork.com:443 "GET /shop/305625.json HTTP/1.1" 200 937
2021-01-20 16:39:06,946 - urllib3.connectionpool - Starting new HTTPS connection (1): www.supremenewyork.com:443
2021-01-20 16:39:07,141 - urllib3.connectionpool - https://www.supremenewyork.com:443 "GET /shop/305612.json HTTP/1.1" 200 746
2021-01-20 16:39:07,654 - urllib3.connectionpool - Starting new HTTPS connection (1): www.supremenewyork.com:443
2021-01-20 16:39:07,851 - urllib3.connectionpool - https://www.supremenewyork.com:443 "GET /shop/305646.json HTTP/1.1" 200 1061
2021-01-20 16:39:08,362 - urllib3.connectionpool - Starting new HTTPS connection (1): www.supremenewyork.com:443
2021-01-20 16:39:08,564 - urllib3.connectionpool - https://www.supremenewyork.com:443 "GET /shop/305333.json HTTP/1.1" 200 973
2021-01-20 16:39:09,077 - urllib3.connectionpool - Starting new HTTPS connection (1): www.supremenewyork.com:443
2021-01-20 16:39:09,254 - urllib3.connectionpool - https://www.supremenewyork.com:443 "GET /shop/305606.json HTTP/1.1" 200 898
2021-01-20 16:39:09,777 - urllib3.connectionpool - Starting new HTTPS connection (1): www.supremenewyork.com:443
2021-01-20 16:39:09,976 - urllib3.connectionpool - https://www.supremenewyork.com:443 "GET /shop/305445.json HTTP/1.1" 200 704
2021-01-20 16:39:10,491 - urllib3.connectionpool - Starting new HTTPS connection (1): www.supremenewyork.com:443
2021-01-20 16:39:10,663 - urllib3.connectionpool - https://www.supremenewyork.com:443 "GET /shop/305434.json HTTP/1.1" 200 708
2021-01-20 16:39:11,190 - urllib3.connectionpool - Starting new HTTPS connection (1): www.supremenewyork.com:443
2021-01-20 16:39:11,376 - urllib3.connectionpool - https://www.supremenewyork.com:443 "GET /shop/305430.json HTTP/1.1" 200 1103
2021-01-20 16:39:11,891 - urllib3.connectionpool - Starting new HTTPS connection (1): www.supremenewyork.com:443
2021-01-20 16:39:12,066 - urllib3.connectionpool - https://www.supremenewyork.com:443 "GET /shop/305602.json HTTP/1.1" 200 997
2021-01-20 16:39:12,597 - urllib3.connectionpool - Starting new HTTPS connection (1): www.supremenewyork.com:443
2021-01-20 16:39:12,800 - urllib3.connectionpool - https://www.supremenewyork.com:443 "GET /shop/305625.json HTTP/1.1" 200 937
2021-01-20 16:39:13,311 - urllib3.connectionpool - Starting new HTTPS connection (1): www.supremenewyork.com:443
2021-01-20 16:39:13,494 - urllib3.connectionpool - https://www.supremenewyork.com:443 "GET /shop/305612.json HTTP/1.1" 200 746
2021-01-20 16:39:14,001 - urllib3.connectionpool - Starting new HTTPS connection (1): www.supremenewyork.com:443
2021-01-20 16:39:14,177 - urllib3.connectionpool - https://www.supremenewyork.com:443 "GET /shop/305646.json HTTP/1.1" 200 1061
2021-01-20 16:39:14,682 - root - Successfully monitored site
2021-01-20 16:39:14,685 - urllib3.connectionpool - Starting new HTTPS connection (1): www.supremenewyork.com:443
2021-01-20 16:39:14,876 - urllib3.connectionpool - https://www.supremenewyork.com:443 "GET /mobile_stock.json HTTP/1.1" 200 1741
2021-01-20 16:39:19,899 - urllib3.connectionpool - Starting new HTTPS connection (1): www.supremenewyork.com:443
2021-01-20 16:39:20,104 - urllib3.connectionpool - https://www.supremenewyork.com:443 "GET /shop/305598.json HTTP/1.1" 200 705
2021-01-20 16:39:20,631 - urllib3.connectionpool - Starting new HTTPS connection (1): www.supremenewyork.com:443
2021-01-20 16:39:20,831 - urllib3.connectionpool - https://www.supremenewyork.com:443 "GET /shop/305531.json HTTP/1.1" 200 823
2021-01-20 16:39:21,351 - urllib3.connectionpool - Starting new HTTPS connection (1): www.supremenewyork.com:443
2021-01-20 16:39:21,573 - urllib3.connectionpool - https://www.supremenewyork.com:443 "GET /shop/305279.json HTTP/1.1" 200 830
2021-01-20 16:39:22,089 - urllib3.connectionpool - Starting new HTTPS connection (1): www.supremenewyork.com:443
2021-01-20 16:39:22,286 - urllib3.connectionpool - https://www.supremenewyork.com:443 "GET /shop/305564.json HTTP/1.1" 200 885
2021-01-20 16:39:22,801 - urllib3.connectionpool - Starting new HTTPS connection (1): www.supremenewyork.com:443
2021-01-20 16:39:23,018 - urllib3.connectionpool - https://www.supremenewyork.com:443 "GET /shop/305322.json HTTP/1.1" 200 625
2021-01-20 16:39:23,528 - urllib3.connectionpool - Starting new HTTPS connection (1): www.supremenewyork.com:443
2021-01-20 16:39:23,732 - urllib3.connectionpool - https://www.supremenewyork.com:443 "GET /shop/305567.json HTTP/1.1" 200 857
2021-01-20 16:39:24,241 - urllib3.connectionpool - Starting new HTTPS connection (1): www.supremenewyork.com:443
2021-01-20 16:39:24,442 - urllib3.connectionpool - https://www.supremenewyork.com:443 "GET /shop/305321.json HTTP/1.1" 200 606
2021-01-20 16:39:24,956 - urllib3.connectionpool - Starting new HTTPS connection (1): www.supremenewyork.com:443
2021-01-20 16:39:25,158 - urllib3.connectionpool - https://www.supremenewyork.com:443 "GET /shop/305243.json HTTP/1.1" 200 567
2021-01-20 16:39:25,672 - urllib3.connectionpool - Starting new HTTPS connection (1): www.supremenewyork.com:443
2021-01-20 16:39:25,847 - urllib3.connectionpool - https://www.supremenewyork.com:443 "GET /shop/305333.json HTTP/1.1" 200 973
2021-01-20 16:39:26,363 - urllib3.connectionpool - Starting new HTTPS connection (1): www.supremenewyork.com:443
2021-01-20 16:39:26,738 - urllib3.connectionpool - https://www.supremenewyork.com:443 "GET /shop/305606.json HTTP/1.1" 200 898
2021-01-20 16:39:27,255 - urllib3.connectionpool - Starting new HTTPS connection (1): www.supremenewyork.com:443
2021-01-20 16:39:27,447 - urllib3.connectionpool - https://www.supremenewyork.com:443 "GET /shop/305445.json HTTP/1.1" 200 704
2021-01-20 16:39:27,965 - urllib3.connectionpool - Starting new HTTPS connection (1): www.supremenewyork.com:443
2021-01-20 16:39:28,191 - urllib3.connectionpool - https://www.supremenewyork.com:443 "GET /shop/305434.json HTTP/1.1" 200 708
2021-01-20 16:39:28,709 - urllib3.connectionpool - Starting new HTTPS connection (1): www.supremenewyork.com:443
2021-01-20 16:39:28,933 - urllib3.connectionpool - https://www.supremenewyork.com:443 "GET /shop/305430.json HTTP/1.1" 200 1103
2021-01-20 16:39:29,447 - urllib3.connectionpool - Starting new HTTPS connection (1): www.supremenewyork.com:443
2021-01-20 16:39:29,650 - urllib3.connectionpool - https://www.supremenewyork.com:443 "GET /shop/305591.json HTTP/1.1" 200 662
2021-01-20 16:39:30,171 - urllib3.connectionpool - Starting new HTTPS connection (1): www.supremenewyork.com:443
2021-01-20 16:39:30,365 - urllib3.connectionpool - https://www.supremenewyork.com:443 "GET /shop/305592.json HTTP/1.1" 200 1318
2021-01-20 16:39:30,880 - urllib3.connectionpool - Starting new HTTPS connection (1): www.supremenewyork.com:443
2021-01-20 16:39:31,079 - urllib3.connectionpool - https://www.supremenewyork.com:443 "GET /shop/305596.json HTTP/1.1" 200 1349
2021-01-20 16:39:31,594 - urllib3.connectionpool - Starting new HTTPS connection (1): www.supremenewyork.com:443
2021-01-20 16:39:31,780 - urllib3.connectionpool - https://www.supremenewyork.com:443 "GET /shop/305601.json HTTP/1.1" 200 938
2021-01-20 16:39:32,298 - urllib3.connectionpool - Starting new HTTPS connection (1): www.supremenewyork.com:443
2021-01-20 16:39:32,474 - urllib3.connectionpool - https://www.supremenewyork.com:443 "GET /shop/305602.json HTTP/1.1" 200 997
2021-01-20 16:39:32,988 - urllib3.connectionpool - Starting new HTTPS connection (1): www.supremenewyork.com:443
2021-01-20 16:39:33,175 - urllib3.connectionpool - https://www.supremenewyork.com:443 "GET /shop/305625.json HTTP/1.1" 200 937
2021-01-20 16:39:33,696 - urllib3.connectionpool - Starting new HTTPS connection (1): www.supremenewyork.com:443
2021-01-20 16:39:33,873 - urllib3.connectionpool - https://www.supremenewyork.com:443 "GET /shop/305612.json HTTP/1.1" 200 746
2021-01-20 16:39:34,390 - urllib3.connectionpool - Starting new HTTPS connection (1): www.supremenewyork.com:443
2021-01-20 16:39:34,579 - urllib3.connectionpool - https://www.supremenewyork.com:443 "GET /shop/305646.json HTTP/1.1" 200 1061
2021-01-20 16:39:35,087 - urllib3.connectionpool - Starting new HTTPS connection (1): www.supremenewyork.com:443
2021-01-20 16:39:35,264 - urllib3.connectionpool - https://www.supremenewyork.com:443 "GET /shop/305333.json HTTP/1.1" 200 973
2021-01-20 16:39:35,782 - urllib3.connectionpool - Starting new HTTPS connection (1): www.supremenewyork.com:443
2021-01-20 16:39:35,977 - urllib3.connectionpool - https://www.supremenewyork.com:443 "GET /shop/305606.json HTTP/1.1" 200 898
2021-01-20 16:39:36,505 - urllib3.connectionpool - Starting new HTTPS connection (1): www.supremenewyork.com:443
2021-01-20 16:39:36,699 - urllib3.connectionpool - https://www.supremenewyork.com:443 "GET /shop/305445.json HTTP/1.1" 200 704
2021-01-20 16:39:37,215 - urllib3.connectionpool - Starting new HTTPS connection (1): www.supremenewyork.com:443
2021-01-20 16:39:37,393 - urllib3.connectionpool - https://www.supremenewyork.com:443 "GET /shop/305434.json HTTP/1.1" 200 708
2021-01-20 16:39:37,912 - urllib3.connectionpool - Starting new HTTPS connection (1): www.supremenewyork.com:443
2021-01-20 16:39:38,108 - urllib3.connectionpool - https://www.supremenewyork.com:443 "GET /shop/305430.json HTTP/1.1" 200 1103
2021-01-20 16:39:38,627 - urllib3.connectionpool - Starting new HTTPS connection (1): www.supremenewyork.com:443
2021-01-20 16:39:38,808 - urllib3.connectionpool - https://www.supremenewyork.com:443 "GET /shop/305602.json HTTP/1.1" 200 997
2021-01-20 16:39:39,323 - urllib3.connectionpool - Starting new HTTPS connection (1): www.supremenewyork.com:443
2021-01-20 16:39:39,504 - urllib3.connectionpool - https://www.supremenewyork.com:443 "GET /shop/305625.json HTTP/1.1" 200 937
2021-01-20 16:39:40,016 - urllib3.connectionpool - Starting new HTTPS connection (1): www.supremenewyork.com:443
2021-01-20 16:39:40,191 - urllib3.connectionpool - https://www.supremenewyork.com:443 "GET /shop/305612.json HTTP/1.1" 200 746
2021-01-20 16:39:40,712 - urllib3.connectionpool - Starting new HTTPS connection (1): www.supremenewyork.com:443
2021-01-20 16:39:40,886 - urllib3.connectionpool - https://www.supremenewyork.com:443 "GET /shop/305646.json HTTP/1.1" 200 1061
2021-01-20 16:39:41,393 - root - Successfully monitored site
2021-01-20 16:39:41,394 - urllib3.connectionpool - Starting new HTTPS connection (1): www.supremenewyork.com:443
2021-01-20 16:39:41,597 - urllib3.connectionpool - https://www.supremenewyork.com:443 "GET /mobile_stock.json HTTP/1.1" 200 1742
2021-01-20 16:39:46,613 - urllib3.connectionpool - Starting new HTTPS connection (1): www.supremenewyork.com:443
2021-01-20 16:39:46,812 - urllib3.connectionpool - https://www.supremenewyork.com:443 "GET /shop/305598.json HTTP/1.1" 200 705
2021-01-20 16:39:47,328 - urllib3.connectionpool - Starting new HTTPS connection (1): www.supremenewyork.com:443
2021-01-20 16:39:47,565 - urllib3.connectionpool - https://www.supremenewyork.com:443 "GET /shop/305531.json HTTP/1.1" 200 823
2021-01-20 16:39:48,079 - urllib3.connectionpool - Starting new HTTPS connection (1): www.supremenewyork.com:443
2021-01-20 16:39:48,297 - urllib3.connectionpool - https://www.supremenewyork.com:443 "GET /shop/305279.json HTTP/1.1" 200 830
2021-01-20 16:39:48,821 - urllib3.connectionpool - Starting new HTTPS connection (1): www.supremenewyork.com:443
2021-01-20 16:39:49,026 - urllib3.connectionpool - https://www.supremenewyork.com:443 "GET /shop/305564.json HTTP/1.1" 200 885
2021-01-20 16:39:49,545 - urllib3.connectionpool - Starting new HTTPS connection (1): www.supremenewyork.com:443
2021-01-20 16:39:49,717 - urllib3.connectionpool - https://www.supremenewyork.com:443 "GET /shop/305322.json HTTP/1.1" 200 625
2021-01-20 16:39:50,229 - urllib3.connectionpool - Starting new HTTPS connection (1): www.supremenewyork.com:443
2021-01-20 16:39:50,402 - urllib3.connectionpool - https://www.supremenewyork.com:443 "GET /shop/305567.json HTTP/1.1" 200 857
2021-01-20 16:39:50,923 - urllib3.connectionpool - Starting new HTTPS connection (1): www.supremenewyork.com:443
2021-01-20 16:39:51,122 - urllib3.connectionpool - https://www.supremenewyork.com:443 "GET /shop/305321.json HTTP/1.1" 200 606
2021-01-20 16:39:51,637 - urllib3.connectionpool - Starting new HTTPS connection (1): www.supremenewyork.com:443
2021-01-20 16:39:51,836 - urllib3.connectionpool - https://www.supremenewyork.com:443 "GET /shop/305243.json HTTP/1.1" 200 567
2021-01-20 16:39:52,347 - urllib3.connectionpool - Starting new HTTPS connection (1): www.supremenewyork.com:443
2021-01-20 16:39:52,531 - urllib3.connectionpool - https://www.supremenewyork.com:443 "GET /shop/305333.json HTTP/1.1" 200 973
2021-01-20 16:39:53,041 - urllib3.connectionpool - Starting new HTTPS connection (1): www.supremenewyork.com:443
2021-01-20 16:39:53,225 - urllib3.connectionpool - https://www.supremenewyork.com:443 "GET /shop/305606.json HTTP/1.1" 200 898
2021-01-20 16:39:53,748 - urllib3.connectionpool - Starting new HTTPS connection (1): www.supremenewyork.com:443
2021-01-20 16:39:53,943 - urllib3.connectionpool - https://www.supremenewyork.com:443 "GET /shop/305445.json HTTP/1.1" 200 704
2021-01-20 16:39:54,469 - urllib3.connectionpool - Starting new HTTPS connection (1): www.supremenewyork.com:443
2021-01-20 16:39:54,657 - urllib3.connectionpool - https://www.supremenewyork.com:443 "GET /shop/305434.json HTTP/1.1" 200 708
2021-01-20 16:39:55,177 - urllib3.connectionpool - Starting new HTTPS connection (1): www.supremenewyork.com:443
2021-01-20 16:39:55,361 - urllib3.connectionpool - https://www.supremenewyork.com:443 "GET /shop/305430.json HTTP/1.1" 200 1103
2021-01-20 16:39:55,885 - urllib3.connectionpool - Starting new HTTPS connection (1): www.supremenewyork.com:443
2021-01-20 16:39:56,081 - urllib3.connectionpool - https://www.supremenewyork.com:443 "GET /shop/305591.json HTTP/1.1" 200 662
2021-01-20 16:39:56,600 - urllib3.connectionpool - Starting new HTTPS connection (1): www.supremenewyork.com:443
2021-01-20 16:39:56,805 - urllib3.connectionpool - https://www.supremenewyork.com:443 "GET /shop/305592.json HTTP/1.1" 200 1318
2021-01-20 16:39:57,323 - urllib3.connectionpool - Starting new HTTPS connection (1): www.supremenewyork.com:443
2021-01-20 16:39:57,508 - urllib3.connectionpool - https://www.supremenewyork.com:443 "GET /shop/305596.json HTTP/1.1" 200 1349
2021-01-20 16:39:58,034 - urllib3.connectionpool - Starting new HTTPS connection (1): www.supremenewyork.com:443
2021-01-20 16:39:58,223 - urllib3.connectionpool - https://www.supremenewyork.com:443 "GET /shop/305601.json HTTP/1.1" 200 938
2021-01-20 16:39:58,741 - urllib3.connectionpool - Starting new HTTPS connection (1): www.supremenewyork.com:443
2021-01-20 16:39:58,934 - urllib3.connectionpool - https://www.supremenewyork.com:443 "GET /shop/305602.json HTTP/1.1" 200 997
2021-01-20 16:39:59,450 - urllib3.connectionpool - Starting new HTTPS connection (1): www.supremenewyork.com:443
2021-01-20 16:39:59,632 - urllib3.connectionpool - https://www.supremenewyork.com:443 "GET /shop/305625.json HTTP/1.1" 200 937
2021-01-20 16:40:00,147 - urllib3.connectionpool - Starting new HTTPS connection (1): www.supremenewyork.com:443
2021-01-20 16:40:00,339 - urllib3.connectionpool - https://www.supremenewyork.com:443 "GET /shop/305612.json HTTP/1.1" 200 746
2021-01-20 16:40:00,857 - urllib3.connectionpool - Starting new HTTPS connection (1): www.supremenewyork.com:443
2021-01-20 16:40:01,053 - urllib3.connectionpool - https://www.supremenewyork.com:443 "GET /shop/305646.json HTTP/1.1" 200 1061
2021-01-20 16:40:01,568 - urllib3.connectionpool - Starting new HTTPS connection (1): www.supremenewyork.com:443
2021-01-20 16:40:01,789 - urllib3.connectionpool - https://www.supremenewyork.com:443 "GET /shop/305333.json HTTP/1.1" 200 973
2021-01-20 16:40:02,298 - urllib3.connectionpool - Starting new HTTPS connection (1): www.supremenewyork.com:443
2021-01-20 16:40:02,470 - urllib3.connectionpool - https://www.supremenewyork.com:443 "GET /shop/305606.json HTTP/1.1" 200 898
2021-01-20 16:40:02,977 - urllib3.connectionpool - Starting new HTTPS connection (1): www.supremenewyork.com:443
2021-01-20 16:40:03,154 - urllib3.connectionpool - https://www.supremenewyork.com:443 "GET /shop/305445.json HTTP/1.1" 200 704
2021-01-20 16:40:03,673 - urllib3.connectionpool - Starting new HTTPS connection (1): www.supremenewyork.com:443
2021-01-20 16:40:03,847 - urllib3.connectionpool - https://www.supremenewyork.com:443 "GET /shop/305434.json HTTP/1.1" 200 708
2021-01-20 16:40:04,352 - urllib3.connectionpool - Starting new HTTPS connection (1): www.supremenewyork.com:443
2021-01-20 16:40:04,531 - urllib3.connectionpool - https://www.supremenewyork.com:443 "GET /shop/305430.json HTTP/1.1" 200 1103
2021-01-20 16:40:05,049 - urllib3.connectionpool - Starting new HTTPS connection (1): www.supremenewyork.com:443
2021-01-20 16:40:05,299 - urllib3.connectionpool - https://www.supremenewyork.com:443 "GET /shop/305602.json HTTP/1.1" 200 997
2021-01-20 16:40:05,810 - urllib3.connectionpool - Starting new HTTPS connection (1): www.supremenewyork.com:443
2021-01-20 16:40:06,005 - urllib3.connectionpool - https://www.supremenewyork.com:443 "GET /shop/305625.json HTTP/1.1" 200 937
2021-01-20 16:40:06,523 - urllib3.connectionpool - Starting new HTTPS connection (1): www.supremenewyork.com:443
2021-01-20 16:40:06,737 - urllib3.connectionpool - https://www.supremenewyork.com:443 "GET /shop/305612.json HTTP/1.1" 200 746
2021-01-20 16:40:07,248 - urllib3.connectionpool - Starting new HTTPS connection (1): www.supremenewyork.com:443
2021-01-20 16:40:07,445 - urllib3.connectionpool - https://www.supremenewyork.com:443 "GET /shop/305646.json HTTP/1.1" 200 1060
2021-01-20 16:40:07,965 - root - Successfully monitored site
2021-01-20 16:40:07,967 - urllib3.connectionpool - Starting new HTTPS connection (1): www.supremenewyork.com:443
2021-01-20 16:40:08,204 - urllib3.connectionpool - https://www.supremenewyork.com:443 "GET /mobile_stock.json HTTP/1.1" 200 1742
2021-01-20 16:40:13,229 - urllib3.connectionpool - Starting new HTTPS connection (1): www.supremenewyork.com:443
2021-01-20 16:40:13,420 - urllib3.connectionpool - https://www.supremenewyork.com:443 "GET /shop/305598.json HTTP/1.1" 200 705
