2021-01-22 23:18:09,636 - urllib3.connectionpool - Starting new HTTPS connection (1): www.tike.ro:443
2021-01-22 23:18:11,137 - urllib3.connectionpool - https://www.tike.ro:443 "GET /incaltaminte HTTP/1.1" 200 53607
2021-01-22 23:18:50,325 - urllib3.connectionpool - Starting new HTTPS connection (1): www.tike.ro:443
2021-01-22 23:18:51,328 - urllib3.connectionpool - https://www.tike.ro:443 "GET /incaltaminte HTTP/1.1" 200 53607
2021-01-23 00:02:51,510 - urllib3.connectionpool - Starting new HTTPS connection (1): www.tike.ro:443
2021-01-23 00:02:52,914 - urllib3.connectionpool - https://www.tike.ro:443 "GET /incaltaminte HTTP/1.1" 200 53607
2021-01-23 00:47:50,454 - urllib3.connectionpool - Starting new HTTPS connection (1): www.tike.ro:443
2021-01-23 00:47:51,467 - urllib3.connectionpool - https://www.tike.ro:443 "GET /incaltaminte HTTP/1.1" 200 53607
2021-01-23 00:49:11,448 - urllib3.connectionpool - Starting new HTTPS connection (1): www.tike.ro:443
2021-01-23 00:49:12,794 - urllib3.connectionpool - https://www.tike.ro:443 "GET /incaltaminte HTTP/1.1" 200 53607
2021-01-23 00:49:24,045 - urllib3.connectionpool - Starting new HTTPS connection (1): www.tike.ro:443
2021-01-23 00:49:25,433 - urllib3.connectionpool - https://www.tike.ro:443 "GET /incaltaminte HTTP/1.1" 200 53607
2021-01-23 00:50:45,377 - urllib3.connectionpool - Starting new HTTPS connection (1): www.tike.ro:443
2021-01-23 00:50:46,893 - urllib3.connectionpool - https://www.tike.ro:443 "GET /incaltaminte HTTP/1.1" 200 53607
2021-01-23 00:51:39,902 - urllib3.connectionpool - Starting new HTTPS connection (1): www.tike.ro:443
2021-01-23 00:51:41,314 - urllib3.connectionpool - https://www.tike.ro:443 "GET /incaltaminte HTTP/1.1" 200 53607
2021-01-23 00:52:12,025 - urllib3.connectionpool - Starting new HTTPS connection (1): www.tike.ro:443
2021-01-23 00:52:12,720 - urllib3.connectionpool - https://www.tike.ro:443 "GET /incaltaminte HTTP/1.1" 200 53607
2021-01-23 00:52:55,167 - urllib3.connectionpool - Starting new HTTPS connection (1): www.tike.ro:443
2021-01-23 00:52:55,880 - urllib3.connectionpool - https://www.tike.ro:443 "GET /incaltaminte HTTP/1.1" 200 53607
2021-01-23 00:53:10,851 - urllib3.connectionpool - Starting new HTTPS connection (1): www.tike.ro:443
2021-01-23 00:53:11,555 - urllib3.connectionpool - https://www.tike.ro:443 "GET /incaltaminte HTTP/1.1" 200 53607
2021-01-23 00:53:30,104 - urllib3.connectionpool - Starting new HTTPS connection (1): www.tike.ro:443
2021-01-23 00:53:31,551 - urllib3.connectionpool - https://www.tike.ro:443 "GET /incaltaminte HTTP/1.1" 200 53607
2021-01-23 00:54:08,941 - urllib3.connectionpool - Starting new HTTPS connection (1): www.tike.ro:443
2021-01-23 00:54:09,667 - urllib3.connectionpool - https://www.tike.ro:443 "GET /incaltaminte HTTP/1.1" 200 53607
2021-01-23 00:54:33,618 - urllib3.connectionpool - Starting new HTTPS connection (1): www.tike.ro:443
2021-01-23 00:54:35,064 - urllib3.connectionpool - https://www.tike.ro:443 "GET /incaltaminte HTTP/1.1" 200 53607
2021-01-23 00:54:55,918 - urllib3.connectionpool - Starting new HTTPS connection (1): www.tike.ro:443
2021-01-23 00:54:56,876 - urllib3.connectionpool - https://www.tike.ro:443 "GET /incaltaminte HTTP/1.1" 200 53607
2021-01-23 00:55:12,973 - urllib3.connectionpool - Starting new HTTPS connection (1): www.tike.ro:443
2021-01-23 00:55:14,389 - urllib3.connectionpool - https://www.tike.ro:443 "GET /incaltaminte HTTP/1.1" 200 53607
2021-01-23 00:56:26,653 - urllib3.connectionpool - Starting new HTTPS connection (1): www.tike.ro:443
2021-01-23 00:56:28,117 - urllib3.connectionpool - https://www.tike.ro:443 "GET /incaltaminte HTTP/1.1" 200 53607
2021-01-23 00:56:28,627 - urllib3.connectionpool - Starting new HTTPS connection (1): www.tike.ro:443
2021-01-23 00:56:29,585 - urllib3.connectionpool - https://www.tike.ro:443 "GET /incaltaminte HTTP/1.1" 200 53607
2021-01-23 00:57:00,101 - urllib3.connectionpool - Starting new HTTPS connection (1): www.tike.ro:443
2021-01-23 00:57:01,557 - urllib3.connectionpool - https://www.tike.ro:443 "GET /incaltaminte HTTP/1.1" 200 53607
2021-01-23 00:57:32,117 - urllib3.connectionpool - Starting new HTTPS connection (1): www.tike.ro:443
2021-01-23 00:57:32,979 - urllib3.connectionpool - https://www.tike.ro:443 "GET /incaltaminte HTTP/1.1" 200 53607
2021-01-23 00:58:03,513 - urllib3.connectionpool - Starting new HTTPS connection (1): www.tike.ro:443
2021-01-23 00:58:04,821 - urllib3.connectionpool - https://www.tike.ro:443 "GET /incaltaminte HTTP/1.1" 200 53607
2021-01-23 00:58:35,427 - urllib3.connectionpool - Starting new HTTPS connection (1): www.tike.ro:443
2021-01-23 00:58:36,521 - urllib3.connectionpool - https://www.tike.ro:443 "GET /incaltaminte HTTP/1.1" 200 53607
2021-01-23 00:59:07,036 - urllib3.connectionpool - Starting new HTTPS connection (1): www.tike.ro:443
2021-01-23 00:59:08,510 - urllib3.connectionpool - https://www.tike.ro:443 "GET /incaltaminte HTTP/1.1" 200 53607
2021-01-23 00:59:39,007 - urllib3.connectionpool - Starting new HTTPS connection (1): www.tike.ro:443
2021-01-23 00:59:40,046 - urllib3.connectionpool - https://www.tike.ro:443 "GET /incaltaminte HTTP/1.1" 200 53607
2021-01-23 01:00:10,604 - urllib3.connectionpool - Starting new HTTPS connection (1): www.tike.ro:443
2021-01-23 01:00:12,060 - urllib3.connectionpool - https://www.tike.ro:443 "GET /incaltaminte HTTP/1.1" 200 53607
2021-01-23 01:00:42,572 - urllib3.connectionpool - Starting new HTTPS connection (1): www.tike.ro:443
2021-01-23 01:00:44,040 - urllib3.connectionpool - https://www.tike.ro:443 "GET /incaltaminte HTTP/1.1" 200 53607
2021-01-23 01:01:14,575 - urllib3.connectionpool - Starting new HTTPS connection (1): www.tike.ro:443
2021-01-23 01:01:15,593 - urllib3.connectionpool - https://www.tike.ro:443 "GET /incaltaminte HTTP/1.1" 200 53607
2021-01-23 01:01:46,104 - urllib3.connectionpool - Starting new HTTPS connection (1): www.tike.ro:443
2021-01-23 01:01:47,478 - urllib3.connectionpool - https://www.tike.ro:443 "GET /incaltaminte HTTP/1.1" 200 53607
2021-01-23 01:02:18,032 - urllib3.connectionpool - Starting new HTTPS connection (1): www.tike.ro:443
2021-01-23 01:02:19,451 - urllib3.connectionpool - https://www.tike.ro:443 "GET /incaltaminte HTTP/1.1" 200 53607
2021-01-23 01:02:50,012 - urllib3.connectionpool - Starting new HTTPS connection (1): www.tike.ro:443
2021-01-23 01:02:50,858 - urllib3.connectionpool - https://www.tike.ro:443 "GET /incaltaminte HTTP/1.1" 200 53607
2021-01-23 01:03:21,361 - urllib3.connectionpool - Starting new HTTPS connection (1): www.tike.ro:443
2021-01-23 01:03:22,808 - urllib3.connectionpool - https://www.tike.ro:443 "GET /incaltaminte HTTP/1.1" 200 53607
2021-01-23 01:03:53,378 - urllib3.connectionpool - Starting new HTTPS connection (1): www.tike.ro:443
2021-01-23 01:03:54,404 - urllib3.connectionpool - https://www.tike.ro:443 "GET /incaltaminte HTTP/1.1" 200 53607
2021-01-23 01:04:24,961 - urllib3.connectionpool - Starting new HTTPS connection (1): www.tike.ro:443
2021-01-23 01:04:26,083 - urllib3.connectionpool - https://www.tike.ro:443 "GET /incaltaminte HTTP/1.1" 200 53607
2021-01-23 01:04:56,648 - urllib3.connectionpool - Starting new HTTPS connection (1): www.tike.ro:443
2021-01-23 01:04:58,085 - urllib3.connectionpool - https://www.tike.ro:443 "GET /incaltaminte HTTP/1.1" 200 53607
2021-01-23 01:05:28,586 - urllib3.connectionpool - Starting new HTTPS connection (1): www.tike.ro:443
2021-01-23 01:05:29,290 - urllib3.connectionpool - https://www.tike.ro:443 "GET /incaltaminte HTTP/1.1" 200 53607
2021-01-23 01:05:59,838 - urllib3.connectionpool - Starting new HTTPS connection (1): www.tike.ro:443
2021-01-23 01:06:00,730 - urllib3.connectionpool - https://www.tike.ro:443 "GET /incaltaminte HTTP/1.1" 200 53607
2021-01-23 01:06:31,278 - urllib3.connectionpool - Starting new HTTPS connection (1): www.tike.ro:443
2021-01-23 01:06:32,007 - urllib3.connectionpool - https://www.tike.ro:443 "GET /incaltaminte HTTP/1.1" 200 53607
2021-01-23 01:07:02,509 - urllib3.connectionpool - Starting new HTTPS connection (1): www.tike.ro:443
2021-01-23 01:07:03,247 - urllib3.connectionpool - https://www.tike.ro:443 "GET /incaltaminte HTTP/1.1" 200 53607
2021-01-23 01:07:33,781 - urllib3.connectionpool - Starting new HTTPS connection (1): www.tike.ro:443
2021-01-23 01:07:35,264 - urllib3.connectionpool - https://www.tike.ro:443 "GET /incaltaminte HTTP/1.1" 200 53607
2021-01-23 01:08:05,844 - urllib3.connectionpool - Starting new HTTPS connection (1): www.tike.ro:443
2021-01-23 01:08:07,335 - urllib3.connectionpool - https://www.tike.ro:443 "GET /incaltaminte HTTP/1.1" 200 53607
2021-01-23 01:08:37,888 - urllib3.connectionpool - Starting new HTTPS connection (1): www.tike.ro:443
2021-01-23 01:08:39,288 - urllib3.connectionpool - https://www.tike.ro:443 "GET /incaltaminte HTTP/1.1" 200 53607
2021-01-23 01:09:09,783 - urllib3.connectionpool - Starting new HTTPS connection (1): www.tike.ro:443
2021-01-23 01:09:10,497 - urllib3.connectionpool - https://www.tike.ro:443 "GET /incaltaminte HTTP/1.1" 200 53607
2021-01-23 01:09:41,035 - urllib3.connectionpool - Starting new HTTPS connection (1): www.tike.ro:443
2021-01-23 01:09:42,485 - urllib3.connectionpool - https://www.tike.ro:443 "GET /incaltaminte HTTP/1.1" 200 53607
2021-01-23 01:10:13,019 - urllib3.connectionpool - Starting new HTTPS connection (1): www.tike.ro:443
2021-01-23 01:10:14,483 - urllib3.connectionpool - https://www.tike.ro:443 "GET /incaltaminte HTTP/1.1" 200 53607
2021-01-23 01:10:45,001 - urllib3.connectionpool - Starting new HTTPS connection (1): www.tike.ro:443
2021-01-23 01:10:46,342 - urllib3.connectionpool - https://www.tike.ro:443 "GET /incaltaminte HTTP/1.1" 200 53607
2021-01-23 01:11:16,960 - urllib3.connectionpool - Starting new HTTPS connection (1): www.tike.ro:443
2021-01-23 01:11:18,441 - urllib3.connectionpool - https://www.tike.ro:443 "GET /incaltaminte HTTP/1.1" 200 53607
2021-01-23 01:11:48,952 - urllib3.connectionpool - Starting new HTTPS connection (1): www.tike.ro:443
2021-01-23 01:11:50,499 - urllib3.connectionpool - https://www.tike.ro:443 "GET /incaltaminte HTTP/1.1" 200 53607
2021-01-23 01:12:21,079 - urllib3.connectionpool - Starting new HTTPS connection (1): www.tike.ro:443
2021-01-23 01:12:22,040 - urllib3.connectionpool - https://www.tike.ro:443 "GET /incaltaminte HTTP/1.1" 200 53607
2021-01-23 01:12:52,550 - urllib3.connectionpool - Starting new HTTPS connection (1): www.tike.ro:443
2021-01-23 01:12:53,966 - urllib3.connectionpool - https://www.tike.ro:443 "GET /incaltaminte HTTP/1.1" 200 53607
2021-01-23 01:13:24,591 - urllib3.connectionpool - Starting new HTTPS connection (1): www.tike.ro:443
2021-01-23 01:13:25,463 - urllib3.connectionpool - https://www.tike.ro:443 "GET /incaltaminte HTTP/1.1" 200 53607
2021-01-23 01:13:55,995 - urllib3.connectionpool - Starting new HTTPS connection (1): www.tike.ro:443
2021-01-23 01:13:56,867 - urllib3.connectionpool - https://www.tike.ro:443 "GET /incaltaminte HTTP/1.1" 200 53607
2021-01-23 01:14:27,381 - urllib3.connectionpool - Starting new HTTPS connection (1): www.tike.ro:443
2021-01-23 01:14:28,696 - urllib3.connectionpool - https://www.tike.ro:443 "GET /incaltaminte HTTP/1.1" 200 53607
2021-01-23 01:14:59,235 - urllib3.connectionpool - Starting new HTTPS connection (1): www.tike.ro:443
2021-01-23 01:15:00,689 - urllib3.connectionpool - https://www.tike.ro:443 "GET /incaltaminte HTTP/1.1" 200 53607
2021-01-23 01:15:31,269 - urllib3.connectionpool - Starting new HTTPS connection (1): www.tike.ro:443
2021-01-23 01:15:31,990 - urllib3.connectionpool - https://www.tike.ro:443 "GET /incaltaminte HTTP/1.1" 200 53607
2021-01-23 01:16:02,603 - urllib3.connectionpool - Starting new HTTPS connection (1): www.tike.ro:443
2021-01-23 01:16:04,081 - urllib3.connectionpool - https://www.tike.ro:443 "GET /incaltaminte HTTP/1.1" 200 53607
2021-01-23 01:16:34,577 - urllib3.connectionpool - Starting new HTTPS connection (1): www.tike.ro:443
2021-01-23 01:16:35,253 - urllib3.connectionpool - https://www.tike.ro:443 "GET /incaltaminte HTTP/1.1" 200 53607
2021-01-23 01:17:05,809 - urllib3.connectionpool - Starting new HTTPS connection (1): www.tike.ro:443
2021-01-23 01:17:07,312 - urllib3.connectionpool - https://www.tike.ro:443 "GET /incaltaminte HTTP/1.1" 200 53607
2021-01-23 01:17:37,830 - urllib3.connectionpool - Starting new HTTPS connection (1): www.tike.ro:443
2021-01-23 01:17:38,527 - urllib3.connectionpool - https://www.tike.ro:443 "GET /incaltaminte HTTP/1.1" 200 53607
2021-01-23 01:18:09,019 - urllib3.connectionpool - Starting new HTTPS connection (1): www.tike.ro:443
2021-01-23 01:18:09,859 - urllib3.connectionpool - https://www.tike.ro:443 "GET /incaltaminte HTTP/1.1" 200 53607
2021-01-23 01:18:40,509 - urllib3.connectionpool - Starting new HTTPS connection (1): www.tike.ro:443
2021-01-23 01:18:41,940 - urllib3.connectionpool - https://www.tike.ro:443 "GET /incaltaminte HTTP/1.1" 200 53607
2021-01-23 01:19:12,442 - urllib3.connectionpool - Starting new HTTPS connection (1): www.tike.ro:443
2021-01-23 01:19:13,955 - urllib3.connectionpool - https://www.tike.ro:443 "GET /incaltaminte HTTP/1.1" 200 53607
2021-01-23 01:19:44,493 - urllib3.connectionpool - Starting new HTTPS connection (1): www.tike.ro:443
2021-01-23 01:19:45,572 - urllib3.connectionpool - https://www.tike.ro:443 "GET /incaltaminte HTTP/1.1" 200 53607
2021-01-23 01:20:16,068 - urllib3.connectionpool - Starting new HTTPS connection (1): www.tike.ro:443
2021-01-23 01:20:16,785 - urllib3.connectionpool - https://www.tike.ro:443 "GET /incaltaminte HTTP/1.1" 200 53607
2021-01-23 01:20:47,338 - urllib3.connectionpool - Starting new HTTPS connection (1): www.tike.ro:443
2021-01-23 01:20:48,041 - urllib3.connectionpool - https://www.tike.ro:443 "GET /incaltaminte HTTP/1.1" 200 53607
2021-01-23 01:21:18,556 - urllib3.connectionpool - Starting new HTTPS connection (1): www.tike.ro:443
2021-01-23 01:21:20,124 - urllib3.connectionpool - https://www.tike.ro:443 "GET /incaltaminte HTTP/1.1" 200 53607
2021-01-23 01:21:50,671 - urllib3.connectionpool - Starting new HTTPS connection (1): www.tike.ro:443
2021-01-23 01:21:51,756 - urllib3.connectionpool - https://www.tike.ro:443 "GET /incaltaminte HTTP/1.1" 200 53607
2021-01-23 01:24:03,439 - urllib3.connectionpool - Starting new HTTPS connection (1): www.rapcity.ro:443
2021-01-23 01:24:03,942 - urllib3.connectionpool - https://www.rapcity.ro:443 "GET /ujdonsagok?ccsop=CIP HTTP/1.1" 200 31443
2021-01-23 01:24:25,035 - urllib3.connectionpool - Starting new HTTPS connection (1): www.rapcity.ro:443
2021-01-23 01:24:25,536 - urllib3.connectionpool - https://www.rapcity.ro:443 "GET /ujdonsagok?ccsop=CIP HTTP/1.1" 200 31481
2021-01-23 01:25:29,373 - urllib3.connectionpool - Starting new HTTPS connection (1): www.rapcity.ro:443
2021-01-23 01:25:29,807 - urllib3.connectionpool - https://www.rapcity.ro:443 "GET /ujdonsagok?ccsop=CIP HTTP/1.1" 200 31473
2021-01-23 01:25:57,023 - urllib3.connectionpool - Starting new HTTPS connection (1): www.rapcity.ro:443
2021-01-23 01:25:57,558 - urllib3.connectionpool - https://www.rapcity.ro:443 "GET /ujdonsagok?ccsop=CIP HTTP/1.1" 200 31462
2021-01-23 01:26:10,531 - urllib3.connectionpool - Starting new HTTPS connection (1): www.rapcity.ro:443
2021-01-23 01:26:20,226 - urllib3.connectionpool - https://www.rapcity.ro:443 "GET /ujdonsagok?ccsop=CIP HTTP/1.1" 200 31439
2021-01-23 01:27:38,506 - urllib3.connectionpool - Starting new HTTPS connection (1): www.rapcity.ro:443
2021-01-23 01:27:38,953 - urllib3.connectionpool - https://www.rapcity.ro:443 "GET /ujdonsagok?ccsop=CIP HTTP/1.1" 200 31446
2021-01-23 20:18:35,585 - urllib3.connectionpool - Starting new HTTPS connection (1): sizeer.ro:443
2021-01-23 20:18:36,068 - urllib3.connectionpool - https://sizeer.ro:443 "GET /noutati/categorie-incaltaminte HTTP/1.1" 200 None
2021-01-23 20:18:54,433 - urllib3.connectionpool - Starting new HTTPS connection (1): sizeer.ro:443
2021-01-23 20:18:54,796 - urllib3.connectionpool - https://sizeer.ro:443 "GET /noutati/categorie-incaltaminte HTTP/1.1" 200 None
2021-01-23 20:19:36,089 - urllib3.connectionpool - Starting new HTTPS connection (1): sizeer.ro:443
2021-01-23 20:19:36,614 - urllib3.connectionpool - https://sizeer.ro:443 "GET /noutati/categorie-incaltaminte HTTP/1.1" 200 None
2021-01-23 20:22:13,248 - urllib3.connectionpool - Starting new HTTPS connection (1): sizeer.ro:443
2021-01-23 20:22:13,659 - urllib3.connectionpool - https://sizeer.ro:443 "GET /noutati/categorie-incaltaminte HTTP/1.1" 200 None
2021-01-23 20:22:46,590 - urllib3.connectionpool - Starting new HTTPS connection (1): sizeer.ro:443
2021-01-23 20:22:47,031 - urllib3.connectionpool - https://sizeer.ro:443 "GET /noutati/categorie-incaltaminte HTTP/1.1" 200 None
2021-01-23 20:24:06,774 - urllib3.connectionpool - Starting new HTTPS connection (1): sizeer.ro:443
2021-01-23 20:24:07,153 - urllib3.connectionpool - https://sizeer.ro:443 "GET /noutati/categorie-incaltaminte HTTP/1.1" 200 None
